<?xml version="1.0" encoding="UTF-8"?>
<!-- Generated by org.testng.reporters.JUnitReportReporter -->
<testsuite hostname="DESKTOP-CT8GCTN" failures="0" tests="5" name="test.LoginTest" time="29.846" errors="0" timestamp="2022-09-20T17:37:37 MSK" skipped="0">
  <testcase classname="test.LoginTest" name="negativeLogin" time="4.692"/>
  <system-out/>
  <testcase classname="test.LoginTest" name="negativeLogin" time="4.034"/>
  <system-out/>
  <testcase classname="test.LoginTest" name="negativeLogin" time="3.672"/>
  <system-out/>
  <testcase classname="test.LoginTest" name="negativeLogin" time="4.803"/>
  <system-out/>
  <testcase classname="test.LoginTest" name="loginSuccess" time="12.645"/>
  <system-out/>
</testsuite> <!-- test.LoginTest -->
