<?xml version="1.0" encoding="UTF-8"?>
<!-- Generated by org.testng.reporters.JUnitReportReporter -->
<testsuite hostname="DESKTOP-CT8GCTN" failures="0" tests="9" name="test.ProductTest" time="74.712" errors="0" timestamp="2022-09-20T17:37:37 MSK" skipped="0">
  <testcase classname="test.ProductTest" name="socialMediaButton2" time="12.349"/>
  <system-out/>
  <testcase classname="test.ProductTest" name="socialMediaButton" time="21.289"/>
  <system-out/>
  <testcase classname="test.ProductTest" name="chooseOption4" time="5.658"/>
  <system-out/>
  <testcase classname="test.ProductTest" name="chooseOption1" time="7.441"/>
  <system-out/>
  <testcase classname="test.ProductTest" name="elementsOfDropdownExist" time="4.025"/>
  <system-out/>
  <testcase classname="test.ProductTest" name="chooseOption2" time="4.148"/>
  <system-out/>
  <testcase classname="test.ProductTest" name="chooseOption3" time="5.522"/>
  <system-out/>
  <testcase classname="test.ProductTest" name="productPriceShouldBeCorrect" time="4.034"/>
  <system-out/>
  <testcase classname="test.ProductTest" name="socialMediaButton3" time="10.246"/>
  <system-out/>
</testsuite> <!-- test.ProductTest -->
